# JRE version: Java(TM) SE Runtime Environment (8.0_131-b11) (build 1.8.0_131-b11)
# Java VM: Java HotSpot(TM) 64-Bit Server VM (25.131-b11 mixed mode linux-amd64 compressed oops)
Heap:
 PSYoungGen      total 198144K, used 195332K [0x00000000eb700000, 0x00000000f8e80000, 0x0000000100000000)
  eden space 182784K, 98% used [0x00000000eb700000,0x00000000f66c5658,0x00000000f6980000)
  from space 15360K, 99% used [0x00000000f7c80000,0x00000000f8b7bca8,0x00000000f8b80000)
  to   space 18944K, 0% used [0x00000000f6980000,0x00000000f6980000,0x00000000f7c00000)
 ParOldGen       total 64512K, used 25148K [0x00000000c2400000, 0x00000000c6300000, 0x00000000eb700000)
  object space 64512K, 38% used [0x00000000c2400000,0x00000000c3c8f240,0x00000000c6300000)
 Metaspace       used 87844K, capacity 90932K, committed 91264K, reserved 1126400K
  class space    used 11591K, capacity 14204K, committed 14208K, reserved 1048576K
GC Heap History (10 events):
Event: 12.760 GC heap before
{Heap before GC invocations=11 (full 2):
 PSYoungGen      total 111616K, used 101888K [0x00000000eb700000, 0x00000000f3800000, 0x0000000100000000)
  eden space 101888K, 100% used [0x00000000eb700000,0x00000000f1a80000,0x00000000f1a80000)
  from space 9728K, 0% used [0x00000000f2380000,0x00000000f2380000,0x00000000f2d00000)
  to   space 9216K, 0% used [0x00000000f1a80000,0x00000000f1a80000,0x00000000f2380000)
 ParOldGen       total 43520K, used 9250K [0x00000000c2400000, 0x00000000c4e80000, 0x00000000eb700000)
  object space 43520K, 21% used [0x00000000c2400000,0x00000000c2d08858,0x00000000c4e80000)
 Metaspace       used 49688K, capacity 49930K, committed 50176K, reserved 1091584K
  class space    used 7298K, capacity 7415K, committed 7424K, reserved 1048576K
Event: 13.003 GC heap after
Heap after GC invocations=11 (full 2):
 PSYoungGen      total 111104K, used 9201K [0x00000000eb700000, 0x00000000f5c00000, 0x0000000100000000)
  eden space 101888K, 0% used [0x00000000eb700000,0x00000000eb700000,0x00000000f1a80000)
  from space 9216K, 99% used [0x00000000f1a80000,0x00000000f237c718,0x00000000f2380000)
  to   space 13312K, 0% used [0x00000000f4f00000,0x00000000f4f00000,0x00000000f5c00000)
 ParOldGen       total 43520K, used 16587K [0x00000000c2400000, 0x00000000c4e80000, 0x00000000eb700000)
  object space 43520K, 38% used [0x00000000c2400000,0x00000000c3432d98,0x00000000c4e80000)
 Metaspace       used 49688K, capacity 49930K, committed 50176K, reserved 1091584K
  class space    used 7298K, capacity 7415K, committed 7424K, reserved 1048576K
}
Event: 15.205 GC heap before
{Heap before GC invocations=12 (full 2):
 PSYoungGen      total 111104K, used 75598K [0x00000000eb700000, 0x00000000f5c00000, 0x0000000100000000)
  eden space 101888K, 65% used [0x00000000eb700000,0x00000000ef7d74c8,0x00000000f1a80000)
  from space 9216K, 99% used [0x00000000f1a80000,0x00000000f237c718,0x00000000f2380000)
  to   space 13312K, 0% used [0x00000000f4f00000,0x00000000f4f00000,0x00000000f5c00000)
 ParOldGen       total 43520K, used 16587K [0x00000000c2400000, 0x00000000c4e80000, 0x00000000eb700000)
  object space 43520K, 38% used [0x00000000c2400000,0x00000000c3432d98,0x00000000c4e80000)
 Metaspace       used 58650K, capacity 58994K, committed 59136K, reserved 1099776K
  class space    used 8296K, capacity 8430K, committed 8448K, reserved 1048576K
Event: 15.354 GC heap after
Heap after GC invocations=12 (full 2):
 PSYoungGen      total 153088K, used 13307K [0x00000000eb700000, 0x00000000f6300000, 0x0000000100000000)
  eden space 139776K, 0% used [0x00000000eb700000,0x00000000eb700000,0x00000000f3f80000)
  from space 13312K, 99% used [0x00000000f4f00000,0x00000000f5bfedc0,0x00000000f5c00000)
  to   space 15872K, 0% used [0x00000000f3f80000,0x00000000f3f80000,0x00000000f4f00000)
 ParOldGen       total 43520K, used 17930K [0x00000000c2400000, 0x00000000c4e80000, 0x00000000eb700000)
  object space 43520K, 41% used [0x00000000c2400000,0x00000000c3582be0,0x00000000c4e80000)
 Metaspace       used 58650K, capacity 58994K, committed 59136K, reserved 1099776K
  class space    used 8296K, capacity 8430K, committed 8448K, reserved 1048576K
}
Event: 15.354 GC heap before
{Heap before GC invocations=13 (full 3):
 PSYoungGen      total 153088K, used 13307K [0x00000000eb700000, 0x00000000f6300000, 0x0000000100000000)
  eden space 139776K, 0% used [0x00000000eb700000,0x00000000eb700000,0x00000000f3f80000)
  from space 13312K, 99% used [0x00000000f4f00000,0x00000000f5bfedc0,0x00000000f5c00000)
  to   space 15872K, 0% used [0x00000000f3f80000,0x00000000f3f80000,0x00000000f4f00000)
 ParOldGen       total 43520K, used 17930K [0x00000000c2400000, 0x00000000c4e80000, 0x00000000eb700000)
  object space 43520K, 41% used [0x00000000c2400000,0x00000000c3582be0,0x00000000c4e80000)
 Metaspace       used 58650K, capacity 58994K, committed 59136K, reserved 1099776K
  class space    used 8296K, capacity 8430K, committed 8448K, reserved 1048576K
Event: 15.586 GC heap after
Heap after GC invocations=13 (full 3):
 PSYoungGen      total 153088K, used 0K [0x00000000eb700000, 0x00000000f6300000, 0x0000000100000000)
  eden space 139776K, 0% used [0x00000000eb700000,0x00000000eb700000,0x00000000f3f80000)
  from space 13312K, 0% used [0x00000000f4f00000,0x00000000f4f00000,0x00000000f5c00000)
  to   space 15872K, 0% used [0x00000000f3f80000,0x00000000f3f80000,0x00000000f4f00000)
 ParOldGen       total 64512K, used 21597K [0x00000000c2400000, 0x00000000c6300000, 0x00000000eb700000)
  object space 64512K, 33% used [0x00000000c2400000,0x00000000c3917470,0x00000000c6300000)
 Metaspace       used 58650K, capacity 58994K, committed 59136K, reserved 1099776K
  class space    used 8296K, capacity 8430K, committed 8448K, reserved 1048576K
}
Event: 18.578 GC heap before
{Heap before GC invocations=14 (full 3):
 PSYoungGen      total 153088K, used 139776K [0x00000000eb700000, 0x00000000f6300000, 0x0000000100000000)
  eden space 139776K, 100% used [0x00000000eb700000,0x00000000f3f80000,0x00000000f3f80000)
  from space 13312K, 0% used [0x00000000f4f00000,0x00000000f4f00000,0x00000000f5c00000)
  to   space 15872K, 0% used [0x00000000f3f80000,0x00000000f3f80000,0x00000000f4f00000)
 ParOldGen       total 64512K, used 21597K [0x00000000c2400000, 0x00000000c6300000, 0x00000000eb700000)
  object space 64512K, 33% used [0x00000000c2400000,0x00000000c3917470,0x00000000c6300000)
 Metaspace       used 62745K, capacity 64440K, committed 64640K, reserved 1103872K
  class space    used 8743K, capacity 10082K, committed 10112K, reserved 1048576K
Event: 18.601 GC heap after
Heap after GC invocations=14 (full 3):
 PSYoungGen      total 155648K, used 5663K [0x00000000eb700000, 0x00000000f8b80000, 0x0000000100000000)
  eden space 139776K, 0% used [0x00000000eb700000,0x00000000eb700000,0x00000000f3f80000)
  from space 15872K, 35% used [0x00000000f3f80000,0x00000000f4507ed8,0x00000000f4f00000)
  to   space 15360K, 0% used [0x00000000f7c80000,0x00000000f7c80000,0x00000000f8b80000)
 ParOldGen       total 64512K, used 21605K [0x00000000c2400000, 0x00000000c6300000, 0x00000000eb700000)
  object space 64512K, 33% used [0x00000000c2400000,0x00000000c3919470,0x00000000c6300000)
 Metaspace       used 62745K, capacity 64440K, committed 64640K, reserved 1103872K
  class space    used 8743K, capacity 10082K, committed 10112K, reserved 1048576K
}
Event: 24.148 GC heap before
{Heap before GC invocations=15 (full 3):
 PSYoungGen      total 155648K, used 145439K [0x00000000eb700000, 0x00000000f8b80000, 0x0000000100000000)
  eden space 139776K, 100% used [0x00000000eb700000,0x00000000f3f80000,0x00000000f3f80000)
  from space 15872K, 35% used [0x00000000f3f80000,0x00000000f4507ed8,0x00000000f4f00000)
  to   space 15360K, 0% used [0x00000000f7c80000,0x00000000f7c80000,0x00000000f8b80000)
 ParOldGen       total 64512K, used 21605K [0x00000000c2400000, 0x00000000c6300000, 0x00000000eb700000)
  object space 64512K, 33% used [0x00000000c2400000,0x00000000c3919470,0x00000000c6300000)
 Metaspace       used 75160K, capacity 78214K, committed 78336K, reserved 1114112K
  class space    used 10135K, capacity 12751K, committed 12800K, reserved 1048576K
Event: 24.197 GC heap after
Heap after GC invocations=15 (full 3):
 PSYoungGen      total 198144K, used 15343K [0x00000000eb700000, 0x00000000f8e80000, 0x0000000100000000)
  eden space 182784K, 0% used [0x00000000eb700000,0x00000000eb700000,0x00000000f6980000)
  from space 15360K, 99% used [0x00000000f7c80000,0x00000000f8b7bca8,0x00000000f8b80000)
  to   space 18944K, 0% used [0x00000000f6980000,0x00000000f6980000,0x00000000f7c00000)
 ParOldGen       total 64512K, used 25148K [0x00000000c2400000, 0x00000000c6300000, 0x00000000eb700000)
  object space 64512K, 38% used [0x00000000c2400000,0x00000000c3c8f240,0x00000000c6300000)
 Metaspace       used 75160K, capacity 78214K, committed 78336K, reserved 1114112K
  class space    used 10135K, capacity 12751K, committed 12800K, reserved 1048576K
}

