# JRE version: Java(TM) SE Runtime Environment (8.0_131-b11) (build 1.8.0_131-b11)
# Java VM: Java HotSpot(TM) 64-Bit Server VM (25.131-b11 mixed mode linux-amd64 compressed oops)
Heap:
 PSYoungGen      total 110592K, used 2494K [0x00000000eb700000, 0x00000000f2d80000, 0x0000000100000000)
  eden space 99840K, 0% used [0x00000000eb700000,0x00000000eb700000,0x00000000f1880000)
  from space 10752K, 23% used [0x00000000f1880000,0x00000000f1aefa58,0x00000000f2300000)
  to   space 10240K, 0% used [0x00000000f2380000,0x00000000f2380000,0x00000000f2d80000)
 ParOldGen       total 49664K, used 21079K [0x00000000c2400000, 0x00000000c5480000, 0x00000000eb700000)
  object space 49664K, 42% used [0x00000000c2400000,0x00000000c3895ca8,0x00000000c5480000)
 Metaspace       used 60936K, capacity 61386K, committed 61568K, reserved 1101824K
  class space    used 8524K, capacity 8738K, committed 8832K, reserved 1048576K
GC Heap History (10 events):
Event: 7.611 GC heap after
Heap after GC invocations=13 (full 2):
 PSYoungGen      total 48640K, used 0K [0x00000000eb700000, 0x00000000f0500000, 0x0000000100000000)
  eden space 41984K, 0% used [0x00000000eb700000,0x00000000eb700000,0x00000000ee000000)
  from space 6656K, 0% used [0x00000000ee000000,0x00000000ee000000,0x00000000ee680000)
  to   space 6656K, 0% used [0x00000000efe80000,0x00000000efe80000,0x00000000f0500000)
 ParOldGen       total 33792K, used 9058K [0x00000000c2400000, 0x00000000c4500000, 0x00000000eb700000)
  object space 33792K, 26% used [0x00000000c2400000,0x00000000c2cd89b8,0x00000000c4500000)
 Metaspace       used 35032K, capacity 35268K, committed 35496K, reserved 1079296K
  class space    used 5258K, capacity 5366K, committed 5376K, reserved 1048576K
}
Event: 8.767 GC heap before
{Heap before GC invocations=14 (full 2):
 PSYoungGen      total 48640K, used 41984K [0x00000000eb700000, 0x00000000f0500000, 0x0000000100000000)
  eden space 41984K, 100% used [0x00000000eb700000,0x00000000ee000000,0x00000000ee000000)
  from space 6656K, 0% used [0x00000000ee000000,0x00000000ee000000,0x00000000ee680000)
  to   space 6656K, 0% used [0x00000000efe80000,0x00000000efe80000,0x00000000f0500000)
 ParOldGen       total 33792K, used 9058K [0x00000000c2400000, 0x00000000c4500000, 0x00000000eb700000)
  object space 33792K, 26% used [0x00000000c2400000,0x00000000c2cd89b8,0x00000000c4500000)
 Metaspace       used 42167K, capacity 42442K, committed 42752K, reserved 1085440K
  class space    used 6477K, capacity 6583K, committed 6656K, reserved 1048576K
Event: 9.071 GC heap after
Heap after GC invocations=14 (full 2):
 PSYoungGen      total 72192K, used 6642K [0x00000000eb700000, 0x00000000f0600000, 0x0000000100000000)
  eden space 65536K, 0% used [0x00000000eb700000,0x00000000eb700000,0x00000000ef700000)
  from space 6656K, 99% used [0x00000000efe80000,0x00000000f04fca68,0x00000000f0500000)
  to   space 7680K, 0% used [0x00000000ef700000,0x00000000ef700000,0x00000000efe80000)
 ParOldGen       total 33792K, used 9514K [0x00000000c2400000, 0x00000000c4500000, 0x00000000eb700000)
  object space 33792K, 28% used [0x00000000c2400000,0x00000000c2d4a998,0x00000000c4500000)
 Metaspace       used 42167K, capacity 42442K, committed 42752K, reserved 1085440K
  class space    used 6477K, capacity 6583K, committed 6656K, reserved 1048576K
}
Event: 11.950 GC heap before
{Heap before GC invocations=15 (full 2):
 PSYoungGen      total 72192K, used 72178K [0x00000000eb700000, 0x00000000f0600000, 0x0000000100000000)
  eden space 65536K, 100% used [0x00000000eb700000,0x00000000ef700000,0x00000000ef700000)
  from space 6656K, 99% used [0x00000000efe80000,0x00000000f04fca68,0x00000000f0500000)
  to   space 7680K, 0% used [0x00000000ef700000,0x00000000ef700000,0x00000000efe80000)
 ParOldGen       total 33792K, used 9514K [0x00000000c2400000, 0x00000000c4500000, 0x00000000eb700000)
  object space 33792K, 28% used [0x00000000c2400000,0x00000000c2d4a998,0x00000000c4500000)
 Metaspace       used 51145K, capacity 51402K, committed 51712K, reserved 1093632K
  class space    used 7507K, capacity 7607K, committed 7680K, reserved 1048576K
Event: 12.029 GC heap after
Heap after GC invocations=15 (full 2):
 PSYoungGen      total 73216K, used 7679K [0x00000000eb700000, 0x00000000f2d80000, 0x0000000100000000)
  eden space 65536K, 0% used [0x00000000eb700000,0x00000000eb700000,0x00000000ef700000)
  from space 7680K, 99% used [0x00000000ef700000,0x00000000efe7fc98,0x00000000efe80000)
  to   space 10240K, 0% used [0x00000000f2380000,0x00000000f2380000,0x00000000f2d80000)
 ParOldGen       total 33792K, used 14291K [0x00000000c2400000, 0x00000000c4500000, 0x00000000eb700000)
  object space 33792K, 42% used [0x00000000c2400000,0x00000000c31f4e10,0x00000000c4500000)
 Metaspace       used 51145K, capacity 51402K, committed 51712K, reserved 1093632K
  class space    used 7507K, capacity 7607K, committed 7680K, reserved 1048576K
}
Event: 14.088 GC heap before
{Heap before GC invocations=16 (full 2):
 PSYoungGen      total 73216K, used 66864K [0x00000000eb700000, 0x00000000f2d80000, 0x0000000100000000)
  eden space 65536K, 90% used [0x00000000eb700000,0x00000000ef0cc4b0,0x00000000ef700000)
  from space 7680K, 99% used [0x00000000ef700000,0x00000000efe7fc98,0x00000000efe80000)
  to   space 10240K, 0% used [0x00000000f2380000,0x00000000f2380000,0x00000000f2d80000)
 ParOldGen       total 33792K, used 14291K [0x00000000c2400000, 0x00000000c4500000, 0x00000000eb700000)
  object space 33792K, 42% used [0x00000000c2400000,0x00000000c31f4e10,0x00000000c4500000)
 Metaspace       used 58605K, capacity 58994K, committed 59136K, reserved 1099776K
  class space    used 8287K, capacity 8430K, committed 8448K, reserved 1048576K
Event: 14.114 GC heap after
Heap after GC invocations=16 (full 2):
 PSYoungGen      total 110080K, used 8015K [0x00000000eb700000, 0x00000000f2d80000, 0x0000000100000000)
  eden space 99840K, 0% used [0x00000000eb700000,0x00000000eb700000,0x00000000f1880000)
  from space 10240K, 78% used [0x00000000f2380000,0x00000000f2b53db0,0x00000000f2d80000)
  to   space 10752K, 0% used [0x00000000f1880000,0x00000000f1880000,0x00000000f2300000)
 ParOldGen       total 33792K, used 18460K [0x00000000c2400000, 0x00000000c4500000, 0x00000000eb700000)
  object space 33792K, 54% used [0x00000000c2400000,0x00000000c3607160,0x00000000c4500000)
 Metaspace       used 58605K, capacity 58994K, committed 59136K, reserved 1099776K
  class space    used 8287K, capacity 8430K, committed 8448K, reserved 1048576K
}
Event: 14.114 GC heap before
{Heap before GC invocations=17 (full 3):
 PSYoungGen      total 110080K, used 8015K [0x00000000eb700000, 0x00000000f2d80000, 0x0000000100000000)
  eden space 99840K, 0% used [0x00000000eb700000,0x00000000eb700000,0x00000000f1880000)
  from space 10240K, 78% used [0x00000000f2380000,0x00000000f2b53db0,0x00000000f2d80000)
  to   space 10752K, 0% used [0x00000000f1880000,0x00000000f1880000,0x00000000f2300000)
 ParOldGen       total 33792K, used 18460K [0x00000000c2400000, 0x00000000c4500000, 0x00000000eb700000)
  object space 33792K, 54% used [0x00000000c2400000,0x00000000c3607160,0x00000000c4500000)
 Metaspace       used 58605K, capacity 58994K, committed 59136K, reserved 1099776K
  class space    used 8287K, capacity 8430K, committed 8448K, reserved 1048576K
Event: 14.234 GC heap after
Heap after GC invocations=17 (full 3):
 PSYoungGen      total 110080K, used 0K [0x00000000eb700000, 0x00000000f2d80000, 0x0000000100000000)
  eden space 99840K, 0% used [0x00000000eb700000,0x00000000eb700000,0x00000000f1880000)
  from space 10240K, 0% used [0x00000000f2380000,0x00000000f2380000,0x00000000f2d80000)
  to   space 10752K, 0% used [0x00000000f1880000,0x00000000f1880000,0x00000000f2300000)
 ParOldGen       total 49664K, used 21071K [0x00000000c2400000, 0x00000000c5480000, 0x00000000eb700000)
  object space 49664K, 42% used [0x00000000c2400000,0x00000000c3893ca8,0x00000000c5480000)
 Metaspace       used 58605K, capacity 58994K, committed 59136K, reserved 1099776K
  class space    used 8287K, capacity 8430K, committed 8448K, reserved 1048576K
}
Event: 15.947 GC heap before
{Heap before GC invocations=18 (full 3):
 PSYoungGen      total 110080K, used 99840K [0x00000000eb700000, 0x00000000f2d80000, 0x0000000100000000)
  eden space 99840K, 100% used [0x00000000eb700000,0x00000000f1880000,0x00000000f1880000)
  from space 10240K, 0% used [0x00000000f2380000,0x00000000f2380000,0x00000000f2d80000)
  to   space 10752K, 0% used [0x00000000f1880000,0x00000000f1880000,0x00000000f2300000)
 ParOldGen       total 49664K, used 21071K [0x00000000c2400000, 0x00000000c5480000, 0x00000000eb700000)
  object space 49664K, 42% used [0x00000000c2400000,0x00000000c3893ca8,0x00000000c5480000)
 Metaspace       used 60936K, capacity 61386K, committed 61568K, reserved 1101824K
  class space    used 8524K, capacity 8738K, committed 8832K, reserved 1048576K

