# JRE version: Java(TM) SE Runtime Environment (8.0_131-b11) (build 1.8.0_131-b11)
# Java VM: Java HotSpot(TM) 64-Bit Server VM (25.131-b11 mixed mode linux-amd64 compressed oops)
Heap:
 PSYoungGen      total 92672K, used 5464K [0x00000000eb700000, 0x00000000f1b80000, 0x0000000100000000)
  eden space 82432K, 0% used [0x00000000eb700000,0x00000000eb700000,0x00000000f0780000)
  from space 10240K, 53% used [0x00000000f0780000,0x00000000f0cd6368,0x00000000f1180000)
  to   space 5632K, 0% used [0x00000000f1600000,0x00000000f1600000,0x00000000f1b80000)
 ParOldGen       total 64000K, used 18159K [0x00000000c2400000, 0x00000000c6280000, 0x00000000eb700000)
  object space 64000K, 28% used [0x00000000c2400000,0x00000000c35bbfa8,0x00000000c6280000)
 Metaspace       used 63089K, capacity 64936K, committed 65152K, reserved 1103872K
  class space    used 8770K, capacity 10253K, committed 10368K, reserved 1048576K
GC Heap History (10 events):
Event: 11.896 GC heap after
Heap after GC invocations=15 (full 2):
 PSYoungGen      total 61952K, used 7162K [0x00000000eb700000, 0x00000000f0b00000, 0x0000000100000000)
  eden space 54784K, 0% used [0x00000000eb700000,0x00000000eb700000,0x00000000eec80000)
  from space 7168K, 99% used [0x00000000eec80000,0x00000000ef37e9f0,0x00000000ef380000)
  to   space 9216K, 0% used [0x00000000f0200000,0x00000000f0200000,0x00000000f0b00000)
 ParOldGen       total 42496K, used 12178K [0x00000000c2400000, 0x00000000c4d80000, 0x00000000eb700000)
  object space 42496K, 28% used [0x00000000c2400000,0x00000000c2fe4890,0x00000000c4d80000)
 Metaspace       used 47635K, capacity 47914K, committed 48128K, reserved 1089536K
  class space    used 7011K, capacity 7127K, committed 7168K, reserved 1048576K
}
Event: 14.624 GC heap before
{Heap before GC invocations=16 (full 2):
 PSYoungGen      total 61952K, used 61946K [0x00000000eb700000, 0x00000000f0b00000, 0x0000000100000000)
  eden space 54784K, 100% used [0x00000000eb700000,0x00000000eec80000,0x00000000eec80000)
  from space 7168K, 99% used [0x00000000eec80000,0x00000000ef37e9f0,0x00000000ef380000)
  to   space 9216K, 0% used [0x00000000f0200000,0x00000000f0200000,0x00000000f0b00000)
 ParOldGen       total 42496K, used 12178K [0x00000000c2400000, 0x00000000c4d80000, 0x00000000eb700000)
  object space 42496K, 28% used [0x00000000c2400000,0x00000000c2fe4890,0x00000000c4d80000)
 Metaspace       used 56205K, capacity 56522K, committed 56832K, reserved 1097728K
  class space    used 8024K, capacity 8167K, committed 8192K, reserved 1048576K
Event: 14.686 GC heap after
Heap after GC invocations=16 (full 2):
 PSYoungGen      total 75776K, used 8428K [0x00000000eb700000, 0x00000000f1200000, 0x0000000100000000)
  eden space 66560K, 0% used [0x00000000eb700000,0x00000000eb700000,0x00000000ef800000)
  from space 9216K, 91% used [0x00000000f0200000,0x00000000f0a3b360,0x00000000f0b00000)
  to   space 10240K, 0% used [0x00000000ef800000,0x00000000ef800000,0x00000000f0200000)
 ParOldGen       total 42496K, used 15958K [0x00000000c2400000, 0x00000000c4d80000, 0x00000000eb700000)
  object space 42496K, 37% used [0x00000000c2400000,0x00000000c3395bf8,0x00000000c4d80000)
 Metaspace       used 56205K, capacity 56522K, committed 56832K, reserved 1097728K
  class space    used 8024K, capacity 8167K, committed 8192K, reserved 1048576K
}
Event: 15.727 GC heap before
{Heap before GC invocations=17 (full 2):
 PSYoungGen      total 75776K, used 31555K [0x00000000eb700000, 0x00000000f1200000, 0x0000000100000000)
  eden space 66560K, 34% used [0x00000000eb700000,0x00000000ecd95a90,0x00000000ef800000)
  from space 9216K, 91% used [0x00000000f0200000,0x00000000f0a3b360,0x00000000f0b00000)
  to   space 10240K, 0% used [0x00000000ef800000,0x00000000ef800000,0x00000000f0200000)
 ParOldGen       total 42496K, used 15958K [0x00000000c2400000, 0x00000000c4d80000, 0x00000000eb700000)
  object space 42496K, 37% used [0x00000000c2400000,0x00000000c3395bf8,0x00000000c4d80000)
 Metaspace       used 58601K, capacity 58994K, committed 59136K, reserved 1099776K
  class space    used 8285K, capacity 8430K, committed 8448K, reserved 1048576K
Event: 15.743 GC heap after
Heap after GC invocations=17 (full 2):
 PSYoungGen      total 76800K, used 2606K [0x00000000eb700000, 0x00000000f2000000, 0x0000000100000000)
  eden space 66560K, 0% used [0x00000000eb700000,0x00000000eb700000,0x00000000ef800000)
  from space 10240K, 25% used [0x00000000ef800000,0x00000000efa8bad0,0x00000000f0200000)
  to   space 10240K, 0% used [0x00000000f1600000,0x00000000f1600000,0x00000000f2000000)
 ParOldGen       total 42496K, used 18873K [0x00000000c2400000, 0x00000000c4d80000, 0x00000000eb700000)
  object space 42496K, 44% used [0x00000000c2400000,0x00000000c366e7f0,0x00000000c4d80000)
 Metaspace       used 58601K, capacity 58994K, committed 59136K, reserved 1099776K
  class space    used 8285K, capacity 8430K, committed 8448K, reserved 1048576K
}
Event: 15.744 GC heap before
{Heap before GC invocations=18 (full 3):
 PSYoungGen      total 76800K, used 2606K [0x00000000eb700000, 0x00000000f2000000, 0x0000000100000000)
  eden space 66560K, 0% used [0x00000000eb700000,0x00000000eb700000,0x00000000ef800000)
  from space 10240K, 25% used [0x00000000ef800000,0x00000000efa8bad0,0x00000000f0200000)
  to   space 10240K, 0% used [0x00000000f1600000,0x00000000f1600000,0x00000000f2000000)
 ParOldGen       total 42496K, used 18873K [0x00000000c2400000, 0x00000000c4d80000, 0x00000000eb700000)
  object space 42496K, 44% used [0x00000000c2400000,0x00000000c366e7f0,0x00000000c4d80000)
 Metaspace       used 58601K, capacity 58994K, committed 59136K, reserved 1099776K
  class space    used 8285K, capacity 8430K, committed 8448K, reserved 1048576K
Event: 15.988 GC heap after
Heap after GC invocations=18 (full 3):
 PSYoungGen      total 76800K, used 0K [0x00000000eb700000, 0x00000000f2000000, 0x0000000100000000)
  eden space 66560K, 0% used [0x00000000eb700000,0x00000000eb700000,0x00000000ef800000)
  from space 10240K, 0% used [0x00000000ef800000,0x00000000ef800000,0x00000000f0200000)
  to   space 10240K, 0% used [0x00000000f1600000,0x00000000f1600000,0x00000000f2000000)
 ParOldGen       total 64000K, used 18143K [0x00000000c2400000, 0x00000000c6280000, 0x00000000eb700000)
  object space 64000K, 28% used [0x00000000c2400000,0x00000000c35b7fa8,0x00000000c6280000)
 Metaspace       used 58601K, capacity 58994K, committed 59136K, reserved 1099776K
  class space    used 8285K, capacity 8430K, committed 8448K, reserved 1048576K
}
Event: 16.645 GC heap before
{Heap before GC invocations=19 (full 3):
 PSYoungGen      total 76800K, used 66560K [0x00000000eb700000, 0x00000000f2000000, 0x0000000100000000)
  eden space 66560K, 100% used [0x00000000eb700000,0x00000000ef800000,0x00000000ef800000)
  from space 10240K, 0% used [0x00000000ef800000,0x00000000ef800000,0x00000000f0200000)
  to   space 10240K, 0% used [0x00000000f1600000,0x00000000f1600000,0x00000000f2000000)
 ParOldGen       total 64000K, used 18143K [0x00000000c2400000, 0x00000000c6280000, 0x00000000eb700000)
  object space 64000K, 28% used [0x00000000c2400000,0x00000000c35b7fa8,0x00000000c6280000)
 Metaspace       used 59475K, capacity 59890K, committed 60288K, reserved 1101824K
  class space    used 8352K, capacity 8494K, committed 8576K, reserved 1048576K
Event: 16.655 GC heap after
Heap after GC invocations=19 (full 3):
 PSYoungGen      total 88064K, used 999K [0x00000000eb700000, 0x00000000f1b80000, 0x0000000100000000)
  eden space 82432K, 0% used [0x00000000eb700000,0x00000000eb700000,0x00000000f0780000)
  from space 5632K, 17% used [0x00000000f1600000,0x00000000f16f9d88,0x00000000f1b80000)
  to   space 10240K, 0% used [0x00000000f0780000,0x00000000f0780000,0x00000000f1180000)
 ParOldGen       total 64000K, used 18151K [0x00000000c2400000, 0x00000000c6280000, 0x00000000eb700000)
  object space 64000K, 28% used [0x00000000c2400000,0x00000000c35b9fa8,0x00000000c6280000)
 Metaspace       used 59475K, capacity 59890K, committed 60288K, reserved 1101824K
  class space    used 8352K, capacity 8494K, committed 8576K, reserved 1048576K
}
Event: 20.618 GC heap before
{Heap before GC invocations=20 (full 3):
 PSYoungGen      total 88064K, used 83431K [0x00000000eb700000, 0x00000000f1b80000, 0x0000000100000000)
  eden space 82432K, 100% used [0x00000000eb700000,0x00000000f0780000,0x00000000f0780000)
  from space 5632K, 17% used [0x00000000f1600000,0x00000000f16f9d88,0x00000000f1b80000)
  to   space 10240K, 0% used [0x00000000f0780000,0x00000000f0780000,0x00000000f1180000)
 ParOldGen       total 64000K, used 18151K [0x00000000c2400000, 0x00000000c6280000, 0x00000000eb700000)
  object space 64000K, 28% used [0x00000000c2400000,0x00000000c35b9fa8,0x00000000c6280000)
 Metaspace       used 63089K, capacity 64936K, committed 65152K, reserved 1103872K
  class space    used 8770K, capacity 10253K, committed 10368K, reserved 1048576K

